<?xml version="1.0" encoding="UTF-8"?>
<robot generator="Robot 5.0 (Python 3.10.4 on win32)" generated="20220524 18:21:21.588" rpa="false" schemaversion="3">
<suite id="s1" name="Amazon Testes" source="c:\Users\breno.franca\Desktop\RobotFramework\amazon_testes.robot">
<test id="s1-t1" name="Caso de Teste 01 -&quot;Acesso ao menu &quot;Eletrônicos&quot;" line="11">
<kw name="Abrir o navegador" library="amazon_resources" type="SETUP">
<kw name="Open Browser" library="SeleniumLibrary">
<arg>${URL}</arg>
<arg>${BROWSER}</arg>
<doc>Opens a new browser instance to the optional ``url``.</doc>
<msg timestamp="20220524 18:21:22.149" level="INFO">Opening browser 'Chrome' to base url 'https://www.amazon.com.br/'.</msg>
<status status="PASS" starttime="20220524 18:21:22.148" endtime="20220524 18:21:28.205"/>
</kw>
<kw name="Maximize Browser Window" library="SeleniumLibrary">
<doc>Maximizes current browser window.</doc>
<status status="PASS" starttime="20220524 18:21:28.206" endtime="20220524 18:21:28.787"/>
</kw>
<status status="PASS" starttime="20220524 18:21:22.147" endtime="20220524 18:21:28.788"/>
</kw>
<kw name=" Acessar a home page do site Amazon.com.br" library="amazon_resources">
<kw name="Go To" library="SeleniumLibrary">
<arg>url=${URL}</arg>
<doc>Navigates the current browser window to the provided ``url``.</doc>
<msg timestamp="20220524 18:21:28.794" level="INFO">Opening url 'https://www.amazon.com.br/'</msg>
<status status="PASS" starttime="20220524 18:21:28.792" endtime="20220524 18:21:30.980"/>
</kw>
<kw name="Wait Until Element Is Visible" library="SeleniumLibrary">
<arg>locator=${MENU_ELETRONICOS}</arg>
<doc>Waits until the element ``locator`` is visible.</doc>
<status status="PASS" starttime="20220524 18:21:30.981" endtime="20220524 18:21:31.634"/>
</kw>
<status status="PASS" starttime="20220524 18:21:28.791" endtime="20220524 18:21:31.635"/>
</kw>
<kw name="Entrar no menu &quot;Eletrônicos&quot;" library="amazon_resources">
<kw name="Click Element" library="SeleniumLibrary">
<arg>locator=${MENU_ELETRONICOS}</arg>
<doc>Click the element identified by ``locator``.</doc>
<msg timestamp="20220524 18:21:31.640" level="INFO">Clicking element '//a[@href='/Eletronicos-e-Tecnologia/b/?ie=UTF8&amp;node=16209062011&amp;ref_=nav_cs_electronics'][contains(.,'Eletrônicos')]'.</msg>
<status status="PASS" starttime="20220524 18:21:31.638" endtime="20220524 18:21:33.032"/>
</kw>
<status status="PASS" starttime="20220524 18:21:31.637" endtime="20220524 18:21:33.033"/>
</kw>
<kw name="Verificar se o subtitulo da página aparece &quot;Eletrônicos e Tecnologia&quot;" library="amazon_resources">
<kw name="Wait Until Element Is Visible" library="SeleniumLibrary">
<arg>locator=${SUBTITULO_ELETRONICO}</arg>
<doc>Waits until the element ``locator`` is visible.</doc>
<status status="PASS" starttime="20220524 18:21:33.038" endtime="20220524 18:21:33.986"/>
</kw>
<status status="PASS" starttime="20220524 18:21:33.036" endtime="20220524 18:21:33.986"/>
</kw>
<kw name="Verificar se aparece a categoria &quot;Computadores e Informática&quot;" library="amazon_resources">
<kw name="Wait Until Element Is Visible" library="SeleniumLibrary">
<arg>locator=${PC_INFO}</arg>
<doc>Waits until the element ``locator`` is visible.</doc>
<status status="PASS" starttime="20220524 18:21:33.990" endtime="20220524 18:21:34.779"/>
</kw>
<status status="PASS" starttime="20220524 18:21:33.988" endtime="20220524 18:21:34.779"/>
</kw>
<kw name="Fechar o navegador" library="amazon_resources" type="TEARDOWN">
<kw name="Capture Page Screenshot" library="SeleniumLibrary">
<doc>Takes a screenshot of the current page and embeds it into a log file.</doc>
<msg timestamp="20220524 18:21:36.843" level="INFO" html="true">&lt;/td&gt;&lt;/tr&gt;&lt;tr&gt;&lt;td colspan="3"&gt;&lt;a href="selenium-screenshot-1.png"&gt;&lt;img src="selenium-screenshot-1.png" width="800px"&gt;&lt;/a&gt;</msg>
<status status="PASS" starttime="20220524 18:21:34.782" endtime="20220524 18:21:36.844"/>
</kw>
<kw name="Close Browser" library="SeleniumLibrary">
<doc>Closes the current browser.</doc>
<status status="PASS" starttime="20220524 18:21:36.844" endtime="20220524 18:21:39.485"/>
</kw>
<status status="PASS" starttime="20220524 18:21:34.781" endtime="20220524 18:21:39.486"/>
</kw>
<doc>Esse teste verifica o menu eletronico do site da amazon
E verifica a categoria computadores.</doc>
<tag>menus</tag>
<status status="PASS" starttime="20220524 18:21:22.145" endtime="20220524 18:21:39.488"/>
</test>
<doc>Essa suite teste o site da amazon.com.br</doc>
<status status="PASS" starttime="20220524 18:21:21.606" endtime="20220524 18:21:39.496"/>
</suite>
<statistics>
<total>
<stat pass="1" fail="0" skip="0">All Tests</stat>
</total>
<tag>
<stat pass="1" fail="0" skip="0">menus</stat>
</tag>
<suite>
<stat pass="1" fail="0" skip="0" id="s1" name="Amazon Testes">Amazon Testes</stat>
</suite>
</statistics>
<errors>
</errors>
</robot>
